<?xml version="1.0" encoding="UTF-8"?>
<!-- Generated by org.testng.reporters.JUnitXMLReporter -->
<testsuite hostname="Theja-VAIO" name="Sample Build test(failed)" tests="1" failures="1" timestamp="3 Oct 2019 01:57:37 GMT" time="31.39" errors="0">
  <testcase name="testSearch" time="9.106" classname="com.selvi.tests.AmazonTest">
    <failure type="java.lang.AssertionError" message="expected:&amp;lt;Amazon.com: Online Shopping for Electronics, Apparel, Computers, Books, DVDs &amp;amp; more&amp;gt; but was:&amp;lt;Amazon.com: Online Shopping for Electronics, Apparel, Computers, Books, DVDs &amp;amp; more&amp;gt;">
      <![CDATA[java.lang.AssertionError: expected:<Amazon.com: Online Shopping for Electronics, Apparel, Computers, Books, DVDs &amp; more> but was:<Amazon.com: Online Shopping for Electronics, Apparel, Computers, Books, DVDs & more>
	at com.selvi.tests.AmazonTest.testSearch(AmazonTest.java:28)
... Removed 29 stack frames]]>
    </failure>
  </testcase>
</testsuite>
